<?xml version="1.0" encoding="UTF-8"?>
<testng-results ignored="0" total="1" passed="1" failed="0" skipped="0">
  <reporter-output>
  </reporter-output>
  <suite started-at="2020-04-22T20:36:30 IST" name="Default suite" finished-at="2020-04-22T20:38:21 IST" duration-ms="111811">
    <groups>
    </groups>
    <test started-at="2020-04-22T20:36:30 IST" name="Default test" finished-at="2020-04-22T20:38:21 IST" duration-ms="111811">
      <class name="com.amazon.testScenarios.checkout.Checkout_Place_an_order_by_searching_a_product">
        <test-method is-config="true" signature="createDriver()[pri:0, instance:com.amazon.testScenarios.checkout.Checkout_Place_an_order_by_searching_a_product@776b83cc]" started-at="2020-04-22T20:36:30 IST" name="createDriver" finished-at="2020-04-22T20:36:36 IST" duration-ms="6726" status="PASS">
          <reporter-output>
          </reporter-output>
        </test-method> <!-- createDriver -->
        <test-method signature="testMethod()[pri:0, instance:com.amazon.testScenarios.checkout.Checkout_Place_an_order_by_searching_a_product@776b83cc]" started-at="2020-04-22T20:36:36 IST" name="testMethod" finished-at="2020-04-22T20:38:21 IST" duration-ms="104988" status="PASS">
          <reporter-output>
          </reporter-output>
        </test-method> <!-- testMethod -->
      </class> <!-- com.amazon.testScenarios.checkout.Checkout_Place_an_order_by_searching_a_product -->
    </test> <!-- Default test -->
  </suite> <!-- Default suite -->
</testng-results>
